absolute_paths_not_starting_with_crate,
anonymous_parameters,
array_into_iter,
asm_sub_register,
bare_trait_objects,
bindings_with_variant_name,
box_pointers,
cenum_impl_drop_cast,
clashing_extern_declarations,
coherence_leak_check,
confusable_idents,
const_evaluatable_unchecked,
const_item_mutation,
dead_code,
deprecated,
deprecated_in_future,
disjoint_capture_drop_reorder,
drop_bounds,
elided_lifetimes_in_paths,
ellipsis_inclusive_range_patterns,
explicit_outlives_requirements,
exported_private_dependencies,
forbidden_lint_groups,
function_item_references,
illegal_floating_point_literal_pattern,
improper_ctypes,
improper_ctypes_definitions,
incomplete_features,
indirect_structural_match,
inline_no_sanitize,
invalid_value,
irrefutable_let_patterns,
keyword_idents,
late_bound_lifetime_arguments,
legacy_derive_helpers,
macro_use_extern_crate,
meta_variable_misuse,
missing_abi,
missing_copy_implementations,
missing_debug_implementations,
missing_docs,
mixed_script_confusables,
mutable_borrow_reservation_conflict,
no_mangle_generic_items,
non_ascii_idents,
non_camel_case_types,
non_fmt_panic,
non_shorthand_field_patterns,
non_snake_case,
non_upper_case_globals,
nontrivial_structural_match,
noop_method_call,
overlapping_range_endpoints,
path_statements,
pointer_structural_match,
private_in_public,
proc_macro_back_compat,
proc_macro_derive_resolution_fallback,
redundant_semicolons,
renamed_and_removed_lints,
safe_packed_borrows,
semicolon_in_expressions_from_macros,
single_use_lifetimes,
stable_features,
temporary_cstring_as_ptr,
trivial_bounds,
trivial_casts,
trivial_numeric_casts,
type_alias_bounds,
tyvar_behind_raw_pointer,
unaligned_references,
uncommon_codepoints,
unconditional_recursion,
uninhabited_static,
unknown_lints,
unnameable_test_items,
unreachable_code,
unreachable_patterns,
unreachable_pub,
unsafe_code,
unsafe_op_in_unsafe_fn,
unstable_features,
unstable_name_collisions,
unsupported_naked_functions,
unused_allocation,
unused_assignments,
unused_attributes,
unused_braces,
unused_comparisons,
unused_crate_dependencies,
unused_doc_comments,
unused_extern_crates,
unused_features,
unused_import_braces,
unused_imports,
unused_labels,
unused_lifetimes,
unused_macros,
unused_must_use,
unused_mut,
unused_parens,
unused_qualifications,
unused_results,
unused_unsafe,
unused_variables,
variant_size_differences,
where_clauses_object_safety,
while_true,
